npm.cmd : npm warn 
deprecated 
inflight@1.0.6: This 
module is not 
supported, and leaks 
memory. Do not use 
it. Check out 
lru-cache if you want 
a good and tested way 
to coalesce async 
requests by a key 
value, which is much 
more comprehensive 
and powerful.
At line:1 char:1
+ & "C:\Program 
Files\nodejs\npm.cmd" 
install 
--legacy-peer-deps 
2>&1 | ...
+ ~~~~~~~~~~~~~~~~~~~~
~~~~~~~~~~~~~~~~~~~~~~
~~~~~~~~~~~~~~~~~~~~~~
~~~
    + CategoryInfo    
          : NotSpeci  
  fied: (npm warn d   
 eprec...e and pow    
erful.:String) []    
, RemoteException
    + FullyQualifiedE 
   rrorId : NativeCo  
  mmandError
 
npm warn deprecated @h
umanwhocodes/config-ar
ray@0.13.0: Use 
@eslint/config-array 
instead
npm warn deprecated 
rimraf@3.0.2: Rimraf 
versions prior to v4 
are no longer 
supported
npm warn deprecated 
glob@7.2.3: Old 
versions of glob are 
not supported, and 
contain widely 
publicized security 
vulnerabilities, 
which have been fixed 
in the current 
version. Please 
update. Support for 
old versions may be 
purchased (at 
exorbitant rates) by 
contacting i@izs.me
npm warn deprecated @h
umanwhocodes/object-sc
hema@2.0.3: Use 
@eslint/object-schema 
instead
npm warn deprecated @s
tudio-freight/lenis@1.
0.42: The '@studio-fre
ight/lenis' package 
has been renamed to 
'lenis'. Please 
update your 
dependencies: npm 
install lenis and 
visit the 
documentation: https:/
/www.npmjs.com/package
/lenis
npm warn deprecated 
eslint@8.57.1: This 
version is no longer 
supported. Please see 
https://eslint.org/ver
sion-support for 
other options.
npm warn deprecated 
next@15.0.0: This 
version has a 
security 
vulnerability. Please 
upgrade to a patched 
version. See https://n
extjs.org/blog/CVE-202
5-66478 for more 
details.
npm warn cleanup 
Failed to remove some 
directories [
npm warn cleanup   [
npm warn cleanup     
'\\\\?\\E:\\our puja\\
node_modules\\eslint-p
lugin-react\\node_modu
les\\resolve',
npm warn cleanup     
[Error: EBUSY: 
resource busy or 
locked, rmdir 'E:\our 
puja\node_modules\esli
nt-plugin-react\node_m
odules\resolve'] {
npm warn cleanup      
 errno: -4082,
npm warn cleanup      
 code: 'EBUSY',
npm warn cleanup      
 syscall: 'rmdir',
npm warn cleanup      
 path: 'E:\\our puja\\
node_modules\\eslint-p
lugin-react\\node_modu
les\\resolve'
npm warn cleanup     }
npm warn cleanup   ],
npm warn cleanup   [
npm warn cleanup     
'\\\\?\\E:\\our puja\\
node_modules\\eslint-p
lugin-react',
npm warn cleanup     
[Error: EBUSY: 
resource busy or 
locked, rmdir 'E:\our 
puja\node_modules\esli
nt-plugin-react\node_m
odules\resolve'] {
npm warn cleanup      
 errno: -4082,
npm warn cleanup      
 code: 'EBUSY',
npm warn cleanup      
 syscall: 'rmdir',
npm warn cleanup      
 path: 'E:\\our puja\\
node_modules\\eslint-p
lugin-react\\node_modu
les\\resolve'
npm warn cleanup     }
npm warn cleanup   ]
npm warn cleanup ]
npm error code 1
npm error path E:\our 
puja\node_modules\unrs
-resolver
npm error command 
failed
npm error command C:\W
INDOWS\system32\cmd.ex
e /d /s /c 
napi-postinstall 
unrs-resolver 1.11.1 
check
npm error '"node"' is 
not recognized as an 
internal or external 
command,
npm error operable 
program or batch file.
npm error A complete 
log of this run can 
be found in: 
C:\Users\RUPAM HALDER\
AppData\Local\npm-cach
e\_logs\2026-03-06T11_
29_02_560Z-debug-0.log
